<?xml version="1.0" encoding="UTF-8"?>
<testsuite xmlns:xsi="http://www.w3.org/2001/XMLSchema-instance" xsi:noNamespaceSchemaLocation="https://maven.apache.org/surefire/maven-surefire-plugin/xsd/surefire-test-report.xsd" version="3.0.2" name="com.cloudstorage.storage.StorageApplicationTests" time="3.757" tests="1" errors="0" skipped="0" failures="0">
  <properties>
[...]
</properties>
  <testcase name="contextLoads" classname="com.cloudstorage.storage.StorageApplicationTests" time="0.643">
    <system-out><![CDATA[23:47:52.098 [main] INFO org.springframework.test.context.support.AnnotationConfigContextLoaderUtils -- Could not detect default configuration classes for test class [com.cloudstorage.storage.StorageApplicationTests]: StorageApplicationTests does not declare any static, non-private, non-final, nested classes annotated with @Configuration.
23:47:52.180 [main] INFO org.springframework.boot.test.context.SpringBootTestContextBootstrapper -- Found @SpringBootConfiguration com.cloudstorage.storage.StorageApplication for test class com.cloudstorage.storage.StorageApplicationTests

  .   ____          _            __ _ _
 /\\ / ___'_ __ _ _(_)_ __  __ _ \ \ \ \
( ( )\___ | '_ | '_| | '_ \/ _` | \ \ \ \
 \\/  ___)| |_)| | | | | || (_| |  ) ) ) )
  '  |____| .__|_| |_|_| |_\__, | / / / /
 =========|_|==============|___/=/_/_/_/

 :: Spring Boot ::                (v3.4.1)

2025-01-01T23:47:52.435+03:00  INFO 68576 --- [storage] [           main] c.c.storage.StorageApplicationTests      : Starting StorageApplicationTests using Java 17.0.13 with PID 68576 (started by omeryildiz in /Users/omeryildiz/Desktop/storage)
2025-01-01T23:47:52.436+03:00  INFO 68576 --- [storage] [           main] c.c.storage.StorageApplicationTests      : No active profile set, falling back to 1 default profile: "default"
2025-01-01T23:47:54.617+03:00  INFO 68576 --- [storage] [           main] c.g.c.s.core.DefaultCredentialsProvider  : Default credentials provider for user 764086051850-6qr4p6gpi6hn506pt8ejuq83di341hur.apps.googleusercontent.com
2025-01-01T23:47:54.618+03:00  INFO 68576 --- [storage] [           main] c.g.c.s.core.DefaultCredentialsProvider  : Scopes in use by default credentials: [https://www.googleapis.com/auth/pubsub, https://www.googleapis.com/auth/spanner.admin, https://www.googleapis.com/auth/spanner.data, https://www.googleapis.com/auth/datastore, https://www.googleapis.com/auth/sqlservice.admin, https://www.googleapis.com/auth/devstorage.read_only, https://www.googleapis.com/auth/devstorage.read_write, https://www.googleapis.com/auth/cloudruntimeconfig, https://www.googleapis.com/auth/trace.append, https://www.googleapis.com/auth/cloud-platform, https://www.googleapis.com/auth/cloud-vision, https://www.googleapis.com/auth/bigquery, https://www.googleapis.com/auth/monitoring.write]
2025-01-01T23:47:54.622+03:00  INFO 68576 --- [storage] [           main] c.g.c.s.a.c.GcpContextAutoConfiguration  : The default project ID is bitescout-445308
2025-01-01T23:47:55.061+03:00  INFO 68576 --- [storage] [           main] c.c.storage.StorageApplicationTests      : Started StorageApplicationTests in 2.789 seconds (process running for 3.469)
]]></system-out>
  </testcase>
</testsuite>